#! /usr/bin/vvp
:ivl_version "11.0 (stable)";
:ivl_delay_selection "TYPICAL";
:vpi_time_precision - 11;
:vpi_module "/usr/lib/x86_64-linux-gnu/ivl/system.vpi";
:vpi_module "/usr/lib/x86_64-linux-gnu/ivl/vhdl_sys.vpi";
:vpi_module "/usr/lib/x86_64-linux-gnu/ivl/vhdl_textio.vpi";
:vpi_module "/usr/lib/x86_64-linux-gnu/ivl/v2005_math.vpi";
:vpi_module "/usr/lib/x86_64-linux-gnu/ivl/va_math.vpi";
S_0x5572b5aeb650 .scope module, "test" "test" 2 5;
 .timescale -9 -11;
P_0x5572b5aeb7e0 .param/l "N_PAT" 0 2 6, +C4<00000000000000000000000000010000>;
v0x5572b5b727d0 .array/real "Mb", 15 0;
v0x5572b5b72890_0 .var/real "SquareError", 0 0;
v0x5572b5b72950 .array "b", 15 0, 15 0;
v0x5572b5b729f0_0 .var "b_in", 15 0;
v0x5572b5b72ab0_0 .var "b_tmp", 15 0;
v0x5572b5b72b70_0 .var "clk", 0 0;
v0x5572b5b72c10_0 .var/real "error", 0 0;
v0x5572b5b72cb0_0 .var/i "i", 31 0;
v0x5572b5b72d90_0 .var "in_en", 0 0;
v0x5572b5b72e30_0 .var/i "j", 31 0;
v0x5572b5b72ef0_0 .var/i "loop", 31 0;
v0x5572b5b72fd0_0 .var/i "out_f", 31 0;
v0x5572b5b730b0_0 .net "out_valid", 0 0, L_0x5572b5b837b0;  1 drivers
v0x5572b5b73150 .array "pat_mem", 15 0, 15 0;
v0x5572b5b731f0_0 .var "reset", 0 0;
v0x5572b5b73290_0 .var "stop", 0 0;
v0x5572b5b73330_0 .var/real "temp", 0 0;
v0x5572b5b733f0 .array "x", 15 0, 31 0;
v0x5572b5b734b0 .array/real "x_f", 15 0;
v0x5572b5b73550_0 .net "x_out", 31 0, L_0x5572b5b20b80;  1 drivers
E_0x5572b5a94600 .event posedge, v0x5572b5b73290_0;
E_0x5572b5ab79b0 .event negedge, v0x5572b5b70de0_0;
S_0x5572b5aeb880 .scope module, "GSIM" "GSIM" 2 26, 3 1 0, S_0x5572b5aeb650;
 .timescale 0 0;
    .port_info 0 /INPUT 1 "clk";
    .port_info 1 /INPUT 1 "reset";
    .port_info 2 /INPUT 1 "in_en";
    .port_info 3 /INPUT 16 "b_in";
    .port_info 4 /OUTPUT 1 "out_valid";
    .port_info 5 /OUTPUT 32 "x_out";
P_0x5572b5a93cf0 .param/l "CALC" 1 3 11, +C4<00000000000000000000000000000001>;
P_0x5572b5a93d30 .param/l "MAX_ITER" 1 3 24, +C4<00000000000000000000000000001111>;
P_0x5572b5a93d70 .param/l "MAX_ROUND" 1 3 25, +C4<00000000000000000000000001000101>;
P_0x5572b5a93db0 .param/l "MAX_STAGE" 1 3 26, +C4<00000000000000000000000000000100>;
P_0x5572b5a93df0 .param/l "RECEIVE" 1 3 10, +C4<00000000000000000000000000000000>;
P_0x5572b5a93e30 .param/l "SEND" 1 3 12, +C4<00000000000000000000000000000010>;
L_0x5572b5b20b80 .functor BUFZ 32, L_0x5572b5b83940, C4<00000000000000000000000000000000>, C4<00000000000000000000000000000000>, C4<00000000000000000000000000000000>;
v0x5572b5b70160_0 .net *"_ivl_0", 31 0, L_0x5572b5b73640;  1 drivers
v0x5572b5b70260_0 .net *"_ivl_10", 5 0, L_0x5572b5b839e0;  1 drivers
L_0x7f77538550a8 .functor BUFT 1, C4<00>, C4<0>, C4<0>, C4<0>;
v0x5572b5b70340_0 .net *"_ivl_13", 1 0, L_0x7f77538550a8;  1 drivers
L_0x7f7753855018 .functor BUFT 1, C4<000000000000000000000000000000>, C4<0>, C4<0>, C4<0>;
v0x5572b5b70400_0 .net *"_ivl_3", 29 0, L_0x7f7753855018;  1 drivers
L_0x7f7753855060 .functor BUFT 1, C4<00000000000000000000000000000010>, C4<0>, C4<0>, C4<0>;
v0x5572b5b704e0_0 .net/2u *"_ivl_4", 31 0, L_0x7f7753855060;  1 drivers
v0x5572b5b70610_0 .net *"_ivl_8", 31 0, L_0x5572b5b83940;  1 drivers
v0x5572b5b706f0 .array/s "ans", 15 0, 31 0;
v0x5572b5b709b0 .array/s "b", 15 0, 15 0;
v0x5572b5b70c70_0 .net/s "b_in", 15 0, v0x5572b5b729f0_0;  1 drivers
v0x5572b5b70de0_0 .net "clk", 0 0, v0x5572b5b72b70_0;  1 drivers
v0x5572b5b70ea0_0 .var "cnt_r", 3 0;
v0x5572b5b70f80_0 .var "cnt_round_r", 6 0;
v0x5572b5b71060_0 .var "cnt_round_w", 6 0;
v0x5572b5b71140_0 .var "cnt_stage_r", 2 0;
v0x5572b5b71220_0 .var "cnt_stage_w", 2 0;
v0x5572b5b71300_0 .var "cnt_w", 3 0;
v0x5572b5b713e0_0 .net "in_en", 0 0, v0x5572b5b72d90_0;  1 drivers
v0x5572b5b714a0_0 .net "out_valid", 0 0, L_0x5572b5b837b0;  alias, 1 drivers
v0x5572b5b71560_0 .var/s "r1_r", 47 0;
v0x5572b5b71640_0 .var/s "r1_w", 47 0;
v0x5572b5b71720_0 .var/s "r2_r", 47 0;
v0x5572b5b71800_0 .var/s "r2_w", 47 0;
v0x5572b5b718e0_0 .var/s "r3_r", 47 0;
v0x5572b5b719c0_0 .var/s "r3_w", 47 0;
v0x5572b5b71aa0_0 .var/s "r4_r", 47 0;
v0x5572b5b71b80_0 .var/s "r4_w", 47 0;
v0x5572b5b71c60_0 .net "reset", 0 0, v0x5572b5b731f0_0;  1 drivers
v0x5572b5b71d20_0 .var "state_r", 1 0;
v0x5572b5b71e00_0 .var "state_w", 1 0;
v0x5572b5b71ee0_0 .var/s "w1", 39 0;
v0x5572b5b71fc0_0 .var/s "w2", 39 0;
v0x5572b5b720a0_0 .var/s "w3", 39 0;
v0x5572b5b72180_0 .var/s "w4", 39 0;
v0x5572b5b72470_0 .var/s "w5", 39 0;
v0x5572b5b72550_0 .var/s "w6", 39 0;
v0x5572b5b72630_0 .net "x_out", 31 0, L_0x5572b5b20b80;  alias, 1 drivers
E_0x5572b5b4e900 .event posedge, v0x5572b5b71c60_0, v0x5572b5b70de0_0;
E_0x5572b5b4e8c0/0 .event edge, v0x5572b5b71d20_0, v0x5572b5b70ea0_0, v0x5572b5b71140_0, v0x5572b5b70f80_0;
E_0x5572b5b4e8c0/1 .event edge, v0x5572b5b713e0_0;
E_0x5572b5b4e8c0 .event/or E_0x5572b5b4e8c0/0, E_0x5572b5b4e8c0/1;
E_0x5572b5b4e750 .event posedge, v0x5572b5b70de0_0;
E_0x5572b5ac3030/0 .event edge, v0x5572b5b71560_0, v0x5572b5b71720_0, v0x5572b5b718e0_0, v0x5572b5b71aa0_0;
E_0x5572b5ac3030/1 .event edge, v0x5572b5b71d20_0, v0x5572b5b71140_0, v0x5572b5b720a0_0, v0x5572b5b72550_0;
v0x5572b5b709b0_0 .array/port v0x5572b5b709b0, 0;
v0x5572b5b709b0_1 .array/port v0x5572b5b709b0, 1;
v0x5572b5b709b0_2 .array/port v0x5572b5b709b0, 2;
E_0x5572b5ac3030/2 .event edge, v0x5572b5b70ea0_0, v0x5572b5b709b0_0, v0x5572b5b709b0_1, v0x5572b5b709b0_2;
v0x5572b5b709b0_3 .array/port v0x5572b5b709b0, 3;
v0x5572b5b709b0_4 .array/port v0x5572b5b709b0, 4;
v0x5572b5b709b0_5 .array/port v0x5572b5b709b0, 5;
v0x5572b5b709b0_6 .array/port v0x5572b5b709b0, 6;
E_0x5572b5ac3030/3 .event edge, v0x5572b5b709b0_3, v0x5572b5b709b0_4, v0x5572b5b709b0_5, v0x5572b5b709b0_6;
v0x5572b5b709b0_7 .array/port v0x5572b5b709b0, 7;
v0x5572b5b709b0_8 .array/port v0x5572b5b709b0, 8;
v0x5572b5b709b0_9 .array/port v0x5572b5b709b0, 9;
v0x5572b5b709b0_10 .array/port v0x5572b5b709b0, 10;
E_0x5572b5ac3030/4 .event edge, v0x5572b5b709b0_7, v0x5572b5b709b0_8, v0x5572b5b709b0_9, v0x5572b5b709b0_10;
v0x5572b5b709b0_11 .array/port v0x5572b5b709b0, 11;
v0x5572b5b709b0_12 .array/port v0x5572b5b709b0, 12;
v0x5572b5b709b0_13 .array/port v0x5572b5b709b0, 13;
v0x5572b5b709b0_14 .array/port v0x5572b5b709b0, 14;
E_0x5572b5ac3030/5 .event edge, v0x5572b5b709b0_11, v0x5572b5b709b0_12, v0x5572b5b709b0_13, v0x5572b5b709b0_14;
v0x5572b5b709b0_15 .array/port v0x5572b5b709b0, 15;
E_0x5572b5ac3030/6 .event edge, v0x5572b5b709b0_15, v0x5572b5b71fc0_0, v0x5572b5b72470_0, v0x5572b5b71ee0_0;
E_0x5572b5ac3030/7 .event edge, v0x5572b5b72180_0;
E_0x5572b5ac3030 .event/or E_0x5572b5ac3030/0, E_0x5572b5ac3030/1, E_0x5572b5ac3030/2, E_0x5572b5ac3030/3, E_0x5572b5ac3030/4, E_0x5572b5ac3030/5, E_0x5572b5ac3030/6, E_0x5572b5ac3030/7;
v0x5572b5b706f0_0 .array/port v0x5572b5b706f0, 0;
v0x5572b5b706f0_1 .array/port v0x5572b5b706f0, 1;
v0x5572b5b706f0_2 .array/port v0x5572b5b706f0, 2;
E_0x5572b5acc9e0/0 .event edge, v0x5572b5b70ea0_0, v0x5572b5b706f0_0, v0x5572b5b706f0_1, v0x5572b5b706f0_2;
v0x5572b5b706f0_3 .array/port v0x5572b5b706f0, 3;
v0x5572b5b706f0_4 .array/port v0x5572b5b706f0, 4;
v0x5572b5b706f0_5 .array/port v0x5572b5b706f0, 5;
v0x5572b5b706f0_6 .array/port v0x5572b5b706f0, 6;
E_0x5572b5acc9e0/1 .event edge, v0x5572b5b706f0_3, v0x5572b5b706f0_4, v0x5572b5b706f0_5, v0x5572b5b706f0_6;
v0x5572b5b706f0_7 .array/port v0x5572b5b706f0, 7;
v0x5572b5b706f0_8 .array/port v0x5572b5b706f0, 8;
v0x5572b5b706f0_9 .array/port v0x5572b5b706f0, 9;
v0x5572b5b706f0_10 .array/port v0x5572b5b706f0, 10;
E_0x5572b5acc9e0/2 .event edge, v0x5572b5b706f0_7, v0x5572b5b706f0_8, v0x5572b5b706f0_9, v0x5572b5b706f0_10;
v0x5572b5b706f0_11 .array/port v0x5572b5b706f0, 11;
v0x5572b5b706f0_12 .array/port v0x5572b5b706f0, 12;
v0x5572b5b706f0_13 .array/port v0x5572b5b706f0, 13;
v0x5572b5b706f0_14 .array/port v0x5572b5b706f0, 14;
E_0x5572b5acc9e0/3 .event edge, v0x5572b5b706f0_11, v0x5572b5b706f0_12, v0x5572b5b706f0_13, v0x5572b5b706f0_14;
v0x5572b5b706f0_15 .array/port v0x5572b5b706f0, 15;
E_0x5572b5acc9e0/4 .event edge, v0x5572b5b706f0_15;
E_0x5572b5acc9e0 .event/or E_0x5572b5acc9e0/0, E_0x5572b5acc9e0/1, E_0x5572b5acc9e0/2, E_0x5572b5acc9e0/3, E_0x5572b5acc9e0/4;
L_0x5572b5b73640 .concat [ 2 30 0 0], v0x5572b5b71d20_0, L_0x7f7753855018;
L_0x5572b5b837b0 .cmp/eq 32, L_0x5572b5b73640, L_0x7f7753855060;
L_0x5572b5b83940 .array/port v0x5572b5b706f0, L_0x5572b5b839e0;
L_0x5572b5b839e0 .concat [ 4 2 0 0], v0x5572b5b70ea0_0, L_0x7f77538550a8;
S_0x5572b5b51710 .scope function.vec4.u48, "mul_13" "mul_13" 3 45, 3 45 0, S_0x5572b5aeb880;
 .timescale 0 0;
v0x5572b5b210a0_0 .var/s "a", 47 0;
; Variable mul_13 is vec4 return value of scope S_0x5572b5b51710
TD_test.GSIM.mul_13 ;
    %load/vec4 v0x5572b5b210a0_0;
    %load/vec4 v0x5572b5b210a0_0;
    %ix/load 4, 2, 0;
    %flag_set/imm 4, 0;
    %shiftl 4;
    %add;
    %load/vec4 v0x5572b5b210a0_0;
    %ix/load 4, 3, 0;
    %flag_set/imm 4, 0;
    %shiftl 4;
    %add;
    %ret/vec4 0, 0, 48;  Assign to mul_13 (store_vec4_to_lval)
    %end;
S_0x5572b5b6faa0 .scope function.vec4.u48, "mul_3" "mul_3" 3 31, 3 31 0, S_0x5572b5aeb880;
 .timescale 0 0;
v0x5572b5b1a5c0_0 .var/s "a", 47 0;
; Variable mul_3 is vec4 return value of scope S_0x5572b5b6faa0
TD_test.GSIM.mul_3 ;
    %load/vec4 v0x5572b5b1a5c0_0;
    %load/vec4 v0x5572b5b1a5c0_0;
    %ix/load 4, 1, 0;
    %flag_set/imm 4, 0;
    %shiftl 4;
    %add;
    %ret/vec4 0, 0, 48;  Assign to mul_3 (store_vec4_to_lval)
    %end;
S_0x5572b5b6fdc0 .scope function.vec4.u48, "mul_6" "mul_6" 3 38, 3 38 0, S_0x5572b5aeb880;
 .timescale 0 0;
v0x5572b5b6ffa0_0 .var/s "a", 47 0;
; Variable mul_6 is vec4 return value of scope S_0x5572b5b6fdc0
TD_test.GSIM.mul_6 ;
    %load/vec4 v0x5572b5b6ffa0_0;
    %store/vec4 v0x5572b5b1a5c0_0, 0, 48;
    %callf/vec4 TD_test.GSIM.mul_3, S_0x5572b5b6faa0;
    %ix/load 4, 1, 0;
    %flag_set/imm 4, 0;
    %shiftl 4;
    %ret/vec4 0, 0, 48;  Assign to mul_6 (store_vec4_to_lval)
    %end;
    .scope S_0x5572b5aeb880;
T_3 ;
    %wait E_0x5572b5acc9e0;
    %load/vec4 v0x5572b5b70ea0_0;
    %dup/vec4;
    %pushi/vec4 0, 0, 4;
    %cmp/u;
    %jmp/1 T_3.0, 6;
    %dup/vec4;
    %pushi/vec4 1, 0, 4;
    %cmp/u;
    %jmp/1 T_3.1, 6;
    %dup/vec4;
    %pushi/vec4 2, 0, 4;
    %cmp/u;
    %jmp/1 T_3.2, 6;
    %dup/vec4;
    %pushi/vec4 13, 0, 4;
    %cmp/u;
    %jmp/1 T_3.3, 6;
    %dup/vec4;
    %pushi/vec4 14, 0, 4;
    %cmp/u;
    %jmp/1 T_3.4, 6;
    %dup/vec4;
    %pushi/vec4 15, 0, 4;
    %cmp/u;
    %jmp/1 T_3.5, 6;
    %load/vec4 v0x5572b5b70ea0_0;
    %pad/u 33;
    %subi 1, 0, 33;
    %ix/vec4 4;
    %load/vec4a v0x5572b5b706f0, 4;
    %pad/s 40;
    %store/vec4 v0x5572b5b71ee0_0, 0, 40;
    %load/vec4 v0x5572b5b70ea0_0;
    %pad/u 33;
    %subi 2, 0, 33;
    %ix/vec4 4;
    %load/vec4a v0x5572b5b706f0, 4;
    %pad/s 40;
    %store/vec4 v0x5572b5b71fc0_0, 0, 40;
    %load/vec4 v0x5572b5b70ea0_0;
    %pad/u 33;
    %subi 3, 0, 33;
    %ix/vec4 4;
    %load/vec4a v0x5572b5b706f0, 4;
    %pad/s 40;
    %store/vec4 v0x5572b5b720a0_0, 0, 40;
    %load/vec4 v0x5572b5b70ea0_0;
    %pad/u 33;
    %addi 1, 0, 33;
    %ix/vec4 4;
    %load/vec4a v0x5572b5b706f0, 4;
    %pad/s 40;
    %store/vec4 v0x5572b5b72180_0, 0, 40;
    %load/vec4 v0x5572b5b70ea0_0;
    %pad/u 33;
    %addi 2, 0, 33;
    %ix/vec4 4;
    %load/vec4a v0x5572b5b706f0, 4;
    %pad/s 40;
    %store/vec4 v0x5572b5b72470_0, 0, 40;
    %load/vec4 v0x5572b5b70ea0_0;
    %pad/u 33;
    %addi 3, 0, 33;
    %ix/vec4 4;
    %load/vec4a v0x5572b5b706f0, 4;
    %pad/s 40;
    %store/vec4 v0x5572b5b72550_0, 0, 40;
    %jmp T_3.7;
T_3.0 ;
    %pushi/vec4 0, 0, 40;
    %store/vec4 v0x5572b5b71ee0_0, 0, 40;
    %pushi/vec4 0, 0, 40;
    %store/vec4 v0x5572b5b71fc0_0, 0, 40;
    %pushi/vec4 0, 0, 40;
    %store/vec4 v0x5572b5b720a0_0, 0, 40;
    %ix/load 4, 1, 0;
    %flag_set/imm 4, 0;
    %load/vec4a v0x5572b5b706f0, 4;
    %pad/s 40;
    %store/vec4 v0x5572b5b72180_0, 0, 40;
    %ix/load 4, 2, 0;
    %flag_set/imm 4, 0;
    %load/vec4a v0x5572b5b706f0, 4;
    %pad/s 40;
    %store/vec4 v0x5572b5b72470_0, 0, 40;
    %ix/load 4, 3, 0;
    %flag_set/imm 4, 0;
    %load/vec4a v0x5572b5b706f0, 4;
    %pad/s 40;
    %store/vec4 v0x5572b5b72550_0, 0, 40;
    %jmp T_3.7;
T_3.1 ;
    %ix/load 4, 0, 0;
    %flag_set/imm 4, 0;
    %load/vec4a v0x5572b5b706f0, 4;
    %pad/s 40;
    %store/vec4 v0x5572b5b71ee0_0, 0, 40;
    %pushi/vec4 0, 0, 40;
    %store/vec4 v0x5572b5b71fc0_0, 0, 40;
    %pushi/vec4 0, 0, 40;
    %store/vec4 v0x5572b5b720a0_0, 0, 40;
    %ix/load 4, 2, 0;
    %flag_set/imm 4, 0;
    %load/vec4a v0x5572b5b706f0, 4;
    %pad/s 40;
    %store/vec4 v0x5572b5b72180_0, 0, 40;
    %ix/load 4, 3, 0;
    %flag_set/imm 4, 0;
    %load/vec4a v0x5572b5b706f0, 4;
    %pad/s 40;
    %store/vec4 v0x5572b5b72470_0, 0, 40;
    %ix/load 4, 4, 0;
    %flag_set/imm 4, 0;
    %load/vec4a v0x5572b5b706f0, 4;
    %pad/s 40;
    %store/vec4 v0x5572b5b72550_0, 0, 40;
    %jmp T_3.7;
T_3.2 ;
    %ix/load 4, 1, 0;
    %flag_set/imm 4, 0;
    %load/vec4a v0x5572b5b706f0, 4;
    %pad/s 40;
    %store/vec4 v0x5572b5b71ee0_0, 0, 40;
    %ix/load 4, 0, 0;
    %flag_set/imm 4, 0;
    %load/vec4a v0x5572b5b706f0, 4;
    %pad/s 40;
    %store/vec4 v0x5572b5b71fc0_0, 0, 40;
    %pushi/vec4 0, 0, 40;
    %store/vec4 v0x5572b5b720a0_0, 0, 40;
    %ix/load 4, 3, 0;
    %flag_set/imm 4, 0;
    %load/vec4a v0x5572b5b706f0, 4;
    %pad/s 40;
    %store/vec4 v0x5572b5b72180_0, 0, 40;
    %ix/load 4, 4, 0;
    %flag_set/imm 4, 0;
    %load/vec4a v0x5572b5b706f0, 4;
    %pad/s 40;
    %store/vec4 v0x5572b5b72470_0, 0, 40;
    %ix/load 4, 5, 0;
    %flag_set/imm 4, 0;
    %load/vec4a v0x5572b5b706f0, 4;
    %pad/s 40;
    %store/vec4 v0x5572b5b72550_0, 0, 40;
    %jmp T_3.7;
T_3.3 ;
    %ix/load 4, 12, 0;
    %flag_set/imm 4, 0;
    %load/vec4a v0x5572b5b706f0, 4;
    %pad/s 40;
    %store/vec4 v0x5572b5b71ee0_0, 0, 40;
    %ix/load 4, 11, 0;
    %flag_set/imm 4, 0;
    %load/vec4a v0x5572b5b706f0, 4;
    %pad/s 40;
    %store/vec4 v0x5572b5b71fc0_0, 0, 40;
    %ix/load 4, 10, 0;
    %flag_set/imm 4, 0;
    %load/vec4a v0x5572b5b706f0, 4;
    %pad/s 40;
    %store/vec4 v0x5572b5b720a0_0, 0, 40;
    %ix/load 4, 14, 0;
    %flag_set/imm 4, 0;
    %load/vec4a v0x5572b5b706f0, 4;
    %pad/s 40;
    %store/vec4 v0x5572b5b72180_0, 0, 40;
    %ix/load 4, 15, 0;
    %flag_set/imm 4, 0;
    %load/vec4a v0x5572b5b706f0, 4;
    %pad/s 40;
    %store/vec4 v0x5572b5b72470_0, 0, 40;
    %pushi/vec4 0, 0, 40;
    %store/vec4 v0x5572b5b72550_0, 0, 40;
    %jmp T_3.7;
T_3.4 ;
    %ix/load 4, 13, 0;
    %flag_set/imm 4, 0;
    %load/vec4a v0x5572b5b706f0, 4;
    %pad/s 40;
    %store/vec4 v0x5572b5b71ee0_0, 0, 40;
    %ix/load 4, 12, 0;
    %flag_set/imm 4, 0;
    %load/vec4a v0x5572b5b706f0, 4;
    %pad/s 40;
    %store/vec4 v0x5572b5b71fc0_0, 0, 40;
    %ix/load 4, 11, 0;
    %flag_set/imm 4, 0;
    %load/vec4a v0x5572b5b706f0, 4;
    %pad/s 40;
    %store/vec4 v0x5572b5b720a0_0, 0, 40;
    %ix/load 4, 15, 0;
    %flag_set/imm 4, 0;
    %load/vec4a v0x5572b5b706f0, 4;
    %pad/s 40;
    %store/vec4 v0x5572b5b72180_0, 0, 40;
    %pushi/vec4 0, 0, 40;
    %store/vec4 v0x5572b5b72470_0, 0, 40;
    %pushi/vec4 0, 0, 40;
    %store/vec4 v0x5572b5b72550_0, 0, 40;
    %jmp T_3.7;
T_3.5 ;
    %ix/load 4, 14, 0;
    %flag_set/imm 4, 0;
    %load/vec4a v0x5572b5b706f0, 4;
    %pad/s 40;
    %store/vec4 v0x5572b5b71ee0_0, 0, 40;
    %ix/load 4, 13, 0;
    %flag_set/imm 4, 0;
    %load/vec4a v0x5572b5b706f0, 4;
    %pad/s 40;
    %store/vec4 v0x5572b5b71fc0_0, 0, 40;
    %ix/load 4, 12, 0;
    %flag_set/imm 4, 0;
    %load/vec4a v0x5572b5b706f0, 4;
    %pad/s 40;
    %store/vec4 v0x5572b5b720a0_0, 0, 40;
    %pushi/vec4 0, 0, 40;
    %store/vec4 v0x5572b5b72180_0, 0, 40;
    %pushi/vec4 0, 0, 40;
    %store/vec4 v0x5572b5b72470_0, 0, 40;
    %pushi/vec4 0, 0, 40;
    %store/vec4 v0x5572b5b72550_0, 0, 40;
    %jmp T_3.7;
T_3.7 ;
    %pop/vec4 1;
    %jmp T_3;
    .thread T_3, $push;
    .scope S_0x5572b5aeb880;
T_4 ;
    %wait E_0x5572b5ac3030;
    %load/vec4 v0x5572b5b71560_0;
    %store/vec4 v0x5572b5b71640_0, 0, 48;
    %load/vec4 v0x5572b5b71720_0;
    %store/vec4 v0x5572b5b71800_0, 0, 48;
    %load/vec4 v0x5572b5b718e0_0;
    %store/vec4 v0x5572b5b719c0_0, 0, 48;
    %load/vec4 v0x5572b5b71aa0_0;
    %store/vec4 v0x5572b5b71b80_0, 0, 48;
    %load/vec4 v0x5572b5b71d20_0;
    %pad/u 32;
    %cmpi/e 1, 0, 32;
    %jmp/0xz  T_4.0, 4;
    %load/vec4 v0x5572b5b71140_0;
    %dup/vec4;
    %pushi/vec4 0, 0, 3;
    %cmp/u;
    %jmp/1 T_4.2, 6;
    %dup/vec4;
    %pushi/vec4 1, 0, 3;
    %cmp/u;
    %jmp/1 T_4.3, 6;
    %dup/vec4;
    %pushi/vec4 2, 0, 3;
    %cmp/u;
    %jmp/1 T_4.4, 6;
    %dup/vec4;
    %pushi/vec4 3, 0, 3;
    %cmp/u;
    %jmp/1 T_4.5, 6;
    %dup/vec4;
    %pushi/vec4 4, 0, 3;
    %cmp/u;
    %jmp/1 T_4.6, 6;
    %jmp T_4.7;
T_4.2 ;
    %load/vec4 v0x5572b5b720a0_0;
    %concati/vec4 0, 0, 8;
    %load/vec4 v0x5572b5b72550_0;
    %concati/vec4 0, 0, 8;
    %add;
    %load/vec4 v0x5572b5b70ea0_0;
    %pad/u 6;
    %ix/vec4 4;
    %load/vec4a v0x5572b5b709b0, 4;
    %parti/s 1, 15, 5;
    %replicate 8;
    %load/vec4 v0x5572b5b70ea0_0;
    %pad/u 6;
    %ix/vec4 4;
    %load/vec4a v0x5572b5b709b0, 4;
    %concat/vec4; draw_concat_vec4
    %concati/vec4 0, 0, 24;
    %add;
    %store/vec4 v0x5572b5b71640_0, 0, 48;
    %load/vec4 v0x5572b5b71fc0_0;
    %load/vec4 v0x5572b5b72470_0;
    %add;
    %concati/vec4 0, 0, 8;
    %store/vec4 v0x5572b5b6ffa0_0, 0, 48;
    %callf/vec4 TD_test.GSIM.mul_6, S_0x5572b5b6fdc0;
    %store/vec4 v0x5572b5b71800_0, 0, 48;
    %load/vec4 v0x5572b5b71ee0_0;
    %load/vec4 v0x5572b5b72180_0;
    %add;
    %concati/vec4 0, 0, 8;
    %store/vec4 v0x5572b5b210a0_0, 0, 48;
    %callf/vec4 TD_test.GSIM.mul_13, S_0x5572b5b51710;
    %store/vec4 v0x5572b5b719c0_0, 0, 48;
    %jmp T_4.7;
T_4.3 ;
    %load/vec4 v0x5572b5b71560_0;
    %load/vec4 v0x5572b5b71720_0;
    %sub;
    %load/vec4 v0x5572b5b718e0_0;
    %add;
    %store/vec4 v0x5572b5b71b80_0, 0, 48;
    %jmp T_4.7;
T_4.4 ;
    %load/vec4 v0x5572b5b71aa0_0;
    %load/vec4 v0x5572b5b71aa0_0;
    %ix/load 4, 4, 0;
    %flag_set/imm 4, 0;
    %shiftr/s 4;
    %add;
    %store/vec4 v0x5572b5b71b80_0, 0, 48;
    %jmp T_4.7;
T_4.5 ;
    %load/vec4 v0x5572b5b71aa0_0;
    %load/vec4 v0x5572b5b71aa0_0;
    %ix/load 4, 8, 0;
    %flag_set/imm 4, 0;
    %shiftr/s 4;
    %add;
    %store/vec4 v0x5572b5b71b80_0, 0, 48;
    %jmp T_4.7;
T_4.6 ;
    %load/vec4 v0x5572b5b71aa0_0;
    %ix/load 4, 6, 0;
    %flag_set/imm 4, 0;
    %shiftr/s 4;
    %load/vec4 v0x5572b5b71aa0_0;
    %ix/load 4, 22, 0;
    %flag_set/imm 4, 0;
    %shiftr/s 4;
    %add;
    %load/vec4 v0x5572b5b71aa0_0;
    %ix/load 4, 5, 0;
    %flag_set/imm 4, 0;
    %shiftr/s 4;
    %add;
    %load/vec4 v0x5572b5b71aa0_0;
    %ix/load 4, 21, 0;
    %flag_set/imm 4, 0;
    %shiftr/s 4;
    %add;
    %store/vec4 v0x5572b5b71b80_0, 0, 48;
    %jmp T_4.7;
T_4.7 ;
    %pop/vec4 1;
T_4.0 ;
    %jmp T_4;
    .thread T_4, $push;
    .scope S_0x5572b5aeb880;
T_5 ;
    %wait E_0x5572b5b4e750;
    %load/vec4 v0x5572b5b71d20_0;
    %pad/u 32;
    %cmpi/e 1, 0, 32;
    %jmp/0xz  T_5.0, 4;
    %load/vec4 v0x5572b5b71640_0;
    %assign/vec4 v0x5572b5b71560_0, 0;
    %load/vec4 v0x5572b5b71800_0;
    %assign/vec4 v0x5572b5b71720_0, 0;
    %load/vec4 v0x5572b5b719c0_0;
    %assign/vec4 v0x5572b5b718e0_0, 0;
    %load/vec4 v0x5572b5b71b80_0;
    %assign/vec4 v0x5572b5b71aa0_0, 0;
    %load/vec4 v0x5572b5b71140_0;
    %pad/u 32;
    %cmpi/e 4, 0, 32;
    %jmp/0xz  T_5.2, 4;
    %load/vec4 v0x5572b5b71b80_0;
    %parti/s 32, 8, 5;
    %load/vec4 v0x5572b5b70ea0_0;
    %pad/u 6;
    %ix/vec4 3;
    %ix/load 4, 0, 0; Constant delay
    %assign/vec4/a/d v0x5572b5b706f0, 0, 4;
T_5.2 ;
T_5.0 ;
    %jmp T_5;
    .thread T_5;
    .scope S_0x5572b5aeb880;
T_6 ;
    %wait E_0x5572b5b4e750;
    %load/vec4 v0x5572b5b71d20_0;
    %pad/u 32;
    %pushi/vec4 0, 0, 32;
    %cmp/e;
    %flag_get/vec4 4;
    %load/vec4 v0x5572b5b713e0_0;
    %and;
    %flag_set/vec4 8;
    %jmp/0xz  T_6.0, 8;
    %load/vec4 v0x5572b5b70c70_0;
    %load/vec4 v0x5572b5b70ea0_0;
    %pad/u 6;
    %ix/vec4 3;
    %ix/load 4, 0, 0; Constant delay
    %assign/vec4/a/d v0x5572b5b709b0, 0, 4;
    %pushi/vec4 0, 0, 32;
    %load/vec4 v0x5572b5b70ea0_0;
    %pad/u 6;
    %ix/vec4 3;
    %ix/load 4, 0, 0; Constant delay
    %assign/vec4/a/d v0x5572b5b706f0, 0, 4;
T_6.0 ;
    %jmp T_6;
    .thread T_6;
    .scope S_0x5572b5aeb880;
T_7 ;
    %wait E_0x5572b5b4e8c0;
    %load/vec4 v0x5572b5b71d20_0;
    %store/vec4 v0x5572b5b71e00_0, 0, 2;
    %load/vec4 v0x5572b5b70ea0_0;
    %store/vec4 v0x5572b5b71300_0, 0, 4;
    %load/vec4 v0x5572b5b71140_0;
    %store/vec4 v0x5572b5b71220_0, 0, 3;
    %load/vec4 v0x5572b5b70f80_0;
    %store/vec4 v0x5572b5b71060_0, 0, 7;
    %load/vec4 v0x5572b5b71d20_0;
    %dup/vec4;
    %pushi/vec4 0, 0, 2;
    %cmp/u;
    %jmp/1 T_7.0, 6;
    %dup/vec4;
    %pushi/vec4 1, 0, 2;
    %cmp/u;
    %jmp/1 T_7.1, 6;
    %dup/vec4;
    %pushi/vec4 2, 0, 2;
    %cmp/u;
    %jmp/1 T_7.2, 6;
    %jmp T_7.3;
T_7.0 ;
    %load/vec4 v0x5572b5b713e0_0;
    %flag_set/vec4 8;
    %jmp/0xz  T_7.4, 8;
    %load/vec4 v0x5572b5b70ea0_0;
    %cmpi/e 15, 0, 4;
    %jmp/0xz  T_7.6, 4;
    %pushi/vec4 1, 0, 2;
    %store/vec4 v0x5572b5b71e00_0, 0, 2;
    %pushi/vec4 0, 0, 4;
    %store/vec4 v0x5572b5b71300_0, 0, 4;
    %pushi/vec4 0, 0, 3;
    %store/vec4 v0x5572b5b71220_0, 0, 3;
    %pushi/vec4 0, 0, 7;
    %store/vec4 v0x5572b5b71060_0, 0, 7;
    %jmp T_7.7;
T_7.6 ;
    %load/vec4 v0x5572b5b70ea0_0;
    %addi 1, 0, 4;
    %store/vec4 v0x5572b5b71300_0, 0, 4;
T_7.7 ;
T_7.4 ;
    %jmp T_7.3;
T_7.1 ;
    %load/vec4 v0x5572b5b71140_0;
    %pad/u 32;
    %cmpi/e 4, 0, 32;
    %jmp/0xz  T_7.8, 4;
    %pushi/vec4 0, 0, 3;
    %store/vec4 v0x5572b5b71220_0, 0, 3;
    %load/vec4 v0x5572b5b70ea0_0;
    %pad/u 32;
    %cmpi/e 15, 0, 32;
    %jmp/0xz  T_7.10, 4;
    %pushi/vec4 0, 0, 4;
    %store/vec4 v0x5572b5b71300_0, 0, 4;
    %load/vec4 v0x5572b5b70f80_0;
    %pad/u 32;
    %cmpi/e 69, 0, 32;
    %jmp/0xz  T_7.12, 4;
    %pushi/vec4 2, 0, 2;
    %store/vec4 v0x5572b5b71e00_0, 0, 2;
    %pushi/vec4 0, 0, 7;
    %store/vec4 v0x5572b5b71060_0, 0, 7;
    %jmp T_7.13;
T_7.12 ;
    %load/vec4 v0x5572b5b70f80_0;
    %addi 1, 0, 7;
    %store/vec4 v0x5572b5b71060_0, 0, 7;
T_7.13 ;
    %jmp T_7.11;
T_7.10 ;
    %load/vec4 v0x5572b5b70ea0_0;
    %addi 1, 0, 4;
    %store/vec4 v0x5572b5b71300_0, 0, 4;
T_7.11 ;
    %jmp T_7.9;
T_7.8 ;
    %load/vec4 v0x5572b5b71140_0;
    %addi 1, 0, 3;
    %store/vec4 v0x5572b5b71220_0, 0, 3;
T_7.9 ;
    %jmp T_7.3;
T_7.2 ;
    %load/vec4 v0x5572b5b70ea0_0;
    %cmpi/e 15, 0, 4;
    %jmp/0xz  T_7.14, 4;
    %pushi/vec4 0, 0, 2;
    %store/vec4 v0x5572b5b71e00_0, 0, 2;
    %pushi/vec4 0, 0, 4;
    %store/vec4 v0x5572b5b71300_0, 0, 4;
    %jmp T_7.15;
T_7.14 ;
    %load/vec4 v0x5572b5b70ea0_0;
    %addi 1, 0, 4;
    %store/vec4 v0x5572b5b71300_0, 0, 4;
T_7.15 ;
    %jmp T_7.3;
T_7.3 ;
    %pop/vec4 1;
    %jmp T_7;
    .thread T_7, $push;
    .scope S_0x5572b5aeb880;
T_8 ;
    %wait E_0x5572b5b4e900;
    %load/vec4 v0x5572b5b71c60_0;
    %flag_set/vec4 8;
    %jmp/0xz  T_8.0, 8;
    %pushi/vec4 0, 0, 2;
    %assign/vec4 v0x5572b5b71d20_0, 0;
    %pushi/vec4 0, 0, 3;
    %assign/vec4 v0x5572b5b71140_0, 0;
    %pushi/vec4 0, 0, 7;
    %assign/vec4 v0x5572b5b70f80_0, 0;
    %pushi/vec4 0, 0, 4;
    %assign/vec4 v0x5572b5b70ea0_0, 0;
    %pushi/vec4 0, 0, 48;
    %assign/vec4 v0x5572b5b71560_0, 0;
    %pushi/vec4 0, 0, 48;
    %assign/vec4 v0x5572b5b71720_0, 0;
    %pushi/vec4 0, 0, 48;
    %assign/vec4 v0x5572b5b718e0_0, 0;
    %pushi/vec4 0, 0, 48;
    %assign/vec4 v0x5572b5b71aa0_0, 0;
    %jmp T_8.1;
T_8.0 ;
    %load/vec4 v0x5572b5b71e00_0;
    %assign/vec4 v0x5572b5b71d20_0, 0;
    %load/vec4 v0x5572b5b71220_0;
    %assign/vec4 v0x5572b5b71140_0, 0;
    %load/vec4 v0x5572b5b71060_0;
    %assign/vec4 v0x5572b5b70f80_0, 0;
    %load/vec4 v0x5572b5b71300_0;
    %assign/vec4 v0x5572b5b70ea0_0, 0;
T_8.1 ;
    %jmp T_8;
    .thread T_8;
    .scope S_0x5572b5aeb650;
T_9 ;
    %vpi_call 2 34 "$readmemh", "./pattern5.dat", v0x5572b5b73150 {0 0 0};
    %end;
    .thread T_9;
    .scope S_0x5572b5aeb650;
T_10 ;
    %pushi/vec4 0, 0, 1;
    %store/vec4 v0x5572b5b72b70_0, 0, 1;
    %pushi/vec4 0, 0, 1;
    %store/vec4 v0x5572b5b731f0_0, 0, 1;
    %pushi/vec4 0, 0, 1;
    %store/vec4 v0x5572b5b72d90_0, 0, 1;
    %pushi/vec4 0, 65535, 16;
    %store/vec4 v0x5572b5b729f0_0, 0, 16;
    %pushi/vec4 0, 0, 1;
    %store/vec4 v0x5572b5b73290_0, 0, 1;
    %pushi/vec4 0, 0, 32;
    %store/vec4 v0x5572b5b72ef0_0, 0, 32;
    %end;
    .thread T_10;
    .scope S_0x5572b5aeb650;
T_11 ;
    %delay 500, 0;
    %load/vec4 v0x5572b5b72b70_0;
    %inv;
    %store/vec4 v0x5572b5b72b70_0, 0, 1;
    %jmp T_11;
    .thread T_11;
    .scope S_0x5572b5aeb650;
T_12 ;
    %vpi_call 2 49 "$dumpfile", "GSIM.vcd" {0 0 0};
    %vpi_call 2 50 "$dumpvars" {0 0 0};
    %vpi_func 2 54 "$fopen" 32, "out.dat" {0 0 0};
    %store/vec4 v0x5572b5b72fd0_0, 0, 32;
    %load/vec4 v0x5572b5b72fd0_0;
    %cmpi/e 0, 0, 32;
    %jmp/0xz  T_12.0, 4;
    %vpi_call 2 56 "$display", "Output file open error !" {0 0 0};
    %vpi_call 2 57 "$finish" {0 0 0};
T_12.0 ;
    %end;
    .thread T_12;
    .scope S_0x5572b5aeb650;
T_13 ;
    %wait E_0x5572b5ab79b0;
    %pushi/vec4 1, 0, 1;
    %store/vec4 v0x5572b5b731f0_0, 0, 1;
    %delay 1000, 0;
    %pushi/vec4 0, 0, 1;
    %store/vec4 v0x5572b5b731f0_0, 0, 1;
    %wait E_0x5572b5ab79b0;
    %pushi/vec4 0, 0, 32;
    %store/vec4 v0x5572b5b72cb0_0, 0, 32;
T_13.0 ;
    %load/vec4 v0x5572b5b72cb0_0;
    %cmpi/s 16, 0, 32;
    %jmp/0xz T_13.1, 5;
    %ix/getv/s 4, v0x5572b5b72cb0_0;
    %load/vec4a v0x5572b5b73150, 4;
    %store/vec4 v0x5572b5b729f0_0, 0, 16;
    %ix/getv/s 4, v0x5572b5b72cb0_0;
    %load/vec4a v0x5572b5b73150, 4;
    %ix/getv/s 4, v0x5572b5b72cb0_0;
    %store/vec4a v0x5572b5b72950, 4, 0;
    %pushi/vec4 1, 0, 1;
    %store/vec4 v0x5572b5b72d90_0, 0, 1;
    %load/vec4 v0x5572b5b72cb0_0;
    %addi 1, 0, 32;
    %store/vec4 v0x5572b5b72cb0_0, 0, 32;
    %wait E_0x5572b5ab79b0;
    %jmp T_13.0;
T_13.1 ;
    %pushi/vec4 0, 0, 1;
    %store/vec4 v0x5572b5b72d90_0, 0, 1;
    %pushi/vec4 0, 65535, 16;
    %store/vec4 v0x5572b5b729f0_0, 0, 16;
    %end;
    .thread T_13;
    .scope S_0x5572b5aeb650;
T_14 ;
    %wait E_0x5572b5ab79b0;
    %load/vec4 v0x5572b5b72ef0_0;
    %cmpi/s 16, 0, 32;
    %jmp/0xz  T_14.0, 5;
    %load/vec4 v0x5572b5b730b0_0;
    %flag_set/vec4 8;
    %jmp/0xz  T_14.2, 8;
    %load/vec4 v0x5572b5b73550_0;
    %ix/getv/s 4, v0x5572b5b72ef0_0;
    %store/vec4a v0x5572b5b733f0, 4, 0;
    %load/vec4 v0x5572b5b72ef0_0;
    %addi 1, 0, 32;
    %store/vec4 v0x5572b5b72ef0_0, 0, 32;
T_14.2 ;
    %jmp T_14.1;
T_14.0 ;
    %pushi/vec4 1, 0, 1;
    %store/vec4 v0x5572b5b73290_0, 0, 1;
T_14.1 ;
    %jmp T_14;
    .thread T_14;
    .scope S_0x5572b5aeb650;
T_15 ;
    %wait E_0x5572b5a94600;
    %pushi/vec4 0, 0, 32;
    %store/vec4 v0x5572b5b72e30_0, 0, 32;
T_15.0 ;
    %load/vec4 v0x5572b5b72e30_0;
    %cmpi/s 15, 0, 32;
    %flag_or 5, 4;
    %jmp/0xz T_15.1, 5;
    %ix/getv/s 4, v0x5572b5b72e30_0;
    %load/vec4a v0x5572b5b733f0, 4;
    %parti/s 1, 31, 6;
    %pad/u 32;
    %cmpi/e 1, 0, 32;
    %jmp/0xz  T_15.2, 4;
    %ix/getv/s 4, v0x5572b5b72e30_0;
    %load/vec4a v0x5572b5b733f0, 4;
    %inv;
    %addi 1, 0, 32;
    %cvt/rv;
    %ix/getv/s 4, v0x5572b5b72e30_0;
    %jmp/0 t_0, 4;
    %pop/real 1;
    %jmp t_1;
t_0 ;
    %store/reala v0x5572b5b734b0, 4;
t_1 ;
    %pushi/real 0, 0; load 0.0
    %ix/getv/s 4, v0x5572b5b72e30_0;
    %load/ar v0x5572b5b734b0, 4;
    %sub/wr;
    %pushi/vec4 65536, 0, 32;
    %cvt/rv/s;
    %div/wr;
    %ix/getv/s 4, v0x5572b5b72e30_0;
    %jmp/0 t_2, 4;
    %pop/real 1;
    %jmp t_3;
t_2 ;
    %store/reala v0x5572b5b734b0, 4;
t_3 ;
    %jmp T_15.3;
T_15.2 ;
    %ix/getv/s 4, v0x5572b5b72e30_0;
    %load/vec4a v0x5572b5b733f0, 4;
    %cvt/rv;
    %ix/getv/s 4, v0x5572b5b72e30_0;
    %jmp/0 t_4, 4;
    %pop/real 1;
    %jmp t_5;
t_4 ;
    %store/reala v0x5572b5b734b0, 4;
t_5 ;
    %ix/getv/s 4, v0x5572b5b72e30_0;
    %load/ar v0x5572b5b734b0, 4;
    %pushi/vec4 65536, 0, 32;
    %cvt/rv/s;
    %div/wr;
    %ix/getv/s 4, v0x5572b5b72e30_0;
    %jmp/0 t_6, 4;
    %pop/real 1;
    %jmp t_7;
t_6 ;
    %store/reala v0x5572b5b734b0, 4;
t_7 ;
T_15.3 ;
    %load/vec4 v0x5572b5b72e30_0;
    %addi 1, 0, 32;
    %store/vec4 v0x5572b5b72e30_0, 0, 32;
    %jmp T_15.0;
T_15.1 ;
    %ix/load 4, 0, 0;
    %flag_set/imm 4, 0;
    %load/ar v0x5572b5b734b0, 4;
    %pushi/vec4 20, 0, 32;
    %cvt/rv/s;
    %mul/wr;
    %ix/load 4, 1, 0;
    %flag_set/imm 4, 0;
    %load/ar v0x5572b5b734b0, 4;
    %pushi/vec4 13, 0, 32;
    %cvt/rv/s;
    %mul/wr;
    %sub/wr;
    %ix/load 4, 2, 0;
    %flag_set/imm 4, 0;
    %load/ar v0x5572b5b734b0, 4;
    %pushi/vec4 6, 0, 32;
    %cvt/rv/s;
    %mul/wr;
    %add/wr;
    %ix/load 4, 3, 0;
    %flag_set/imm 4, 0;
    %load/ar v0x5572b5b734b0, 4;
    %sub/wr;
    %ix/load 4, 0, 0;
    %store/reala v0x5572b5b727d0, 4;
    %ix/load 4, 0, 0;
    %flag_set/imm 4, 0;
    %load/ar v0x5572b5b734b0, 4;
    %pushi/vec4 4294967283, 0, 32;
    %cvt/rv/s;
    %mul/wr;
    %ix/load 4, 1, 0;
    %flag_set/imm 4, 0;
    %load/ar v0x5572b5b734b0, 4;
    %pushi/vec4 20, 0, 32;
    %cvt/rv/s;
    %mul/wr;
    %add/wr;
    %ix/load 4, 2, 0;
    %flag_set/imm 4, 0;
    %load/ar v0x5572b5b734b0, 4;
    %pushi/vec4 13, 0, 32;
    %cvt/rv/s;
    %mul/wr;
    %sub/wr;
    %ix/load 4, 3, 0;
    %flag_set/imm 4, 0;
    %load/ar v0x5572b5b734b0, 4;
    %pushi/vec4 6, 0, 32;
    %cvt/rv/s;
    %mul/wr;
    %add/wr;
    %ix/load 4, 4, 0;
    %flag_set/imm 4, 0;
    %load/ar v0x5572b5b734b0, 4;
    %sub/wr;
    %ix/load 4, 1, 0;
    %store/reala v0x5572b5b727d0, 4;
    %ix/load 4, 0, 0;
    %flag_set/imm 4, 0;
    %load/ar v0x5572b5b734b0, 4;
    %pushi/vec4 6, 0, 32;
    %cvt/rv/s;
    %mul/wr;
    %ix/load 4, 1, 0;
    %flag_set/imm 4, 0;
    %load/ar v0x5572b5b734b0, 4;
    %pushi/vec4 13, 0, 32;
    %cvt/rv/s;
    %mul/wr;
    %sub/wr;
    %ix/load 4, 2, 0;
    %flag_set/imm 4, 0;
    %load/ar v0x5572b5b734b0, 4;
    %pushi/vec4 20, 0, 32;
    %cvt/rv/s;
    %mul/wr;
    %add/wr;
    %ix/load 4, 3, 0;
    %flag_set/imm 4, 0;
    %load/ar v0x5572b5b734b0, 4;
    %pushi/vec4 13, 0, 32;
    %cvt/rv/s;
    %mul/wr;
    %sub/wr;
    %ix/load 4, 4, 0;
    %flag_set/imm 4, 0;
    %load/ar v0x5572b5b734b0, 4;
    %pushi/vec4 6, 0, 32;
    %cvt/rv/s;
    %mul/wr;
    %add/wr;
    %ix/load 4, 5, 0;
    %flag_set/imm 4, 0;
    %load/ar v0x5572b5b734b0, 4;
    %sub/wr;
    %ix/load 4, 2, 0;
    %store/reala v0x5572b5b727d0, 4;
    %pushi/real 0, 0; load 0.0
    %ix/load 4, 0, 0;
    %flag_set/imm 4, 0;
    %load/ar v0x5572b5b734b0, 4;
    %sub/wr;
    %ix/load 4, 1, 0;
    %flag_set/imm 4, 0;
    %load/ar v0x5572b5b734b0, 4;
    %pushi/vec4 6, 0, 32;
    %cvt/rv/s;
    %mul/wr;
    %add/wr;
    %ix/load 4, 2, 0;
    %flag_set/imm 4, 0;
    %load/ar v0x5572b5b734b0, 4;
    %pushi/vec4 13, 0, 32;
    %cvt/rv/s;
    %mul/wr;
    %sub/wr;
    %ix/load 4, 3, 0;
    %flag_set/imm 4, 0;
    %load/ar v0x5572b5b734b0, 4;
    %pushi/vec4 20, 0, 32;
    %cvt/rv/s;
    %mul/wr;
    %add/wr;
    %ix/load 4, 4, 0;
    %flag_set/imm 4, 0;
    %load/ar v0x5572b5b734b0, 4;
    %pushi/vec4 13, 0, 32;
    %cvt/rv/s;
    %mul/wr;
    %sub/wr;
    %ix/load 4, 5, 0;
    %flag_set/imm 4, 0;
    %load/ar v0x5572b5b734b0, 4;
    %pushi/vec4 6, 0, 32;
    %cvt/rv/s;
    %mul/wr;
    %add/wr;
    %ix/load 4, 6, 0;
    %flag_set/imm 4, 0;
    %load/ar v0x5572b5b734b0, 4;
    %sub/wr;
    %ix/load 4, 3, 0;
    %store/reala v0x5572b5b727d0, 4;
    %pushi/real 0, 0; load 0.0
    %ix/load 4, 1, 0;
    %flag_set/imm 4, 0;
    %load/ar v0x5572b5b734b0, 4;
    %sub/wr;
    %ix/load 4, 2, 0;
    %flag_set/imm 4, 0;
    %load/ar v0x5572b5b734b0, 4;
    %pushi/vec4 6, 0, 32;
    %cvt/rv/s;
    %mul/wr;
    %add/wr;
    %ix/load 4, 3, 0;
    %flag_set/imm 4, 0;
    %load/ar v0x5572b5b734b0, 4;
    %pushi/vec4 13, 0, 32;
    %cvt/rv/s;
    %mul/wr;
    %sub/wr;
    %ix/load 4, 4, 0;
    %flag_set/imm 4, 0;
    %load/ar v0x5572b5b734b0, 4;
    %pushi/vec4 20, 0, 32;
    %cvt/rv/s;
    %mul/wr;
    %add/wr;
    %ix/load 4, 5, 0;
    %flag_set/imm 4, 0;
    %load/ar v0x5572b5b734b0, 4;
    %pushi/vec4 13, 0, 32;
    %cvt/rv/s;
    %mul/wr;
    %sub/wr;
    %ix/load 4, 6, 0;
    %flag_set/imm 4, 0;
    %load/ar v0x5572b5b734b0, 4;
    %pushi/vec4 6, 0, 32;
    %cvt/rv/s;
    %mul/wr;
    %add/wr;
    %ix/load 4, 7, 0;
    %flag_set/imm 4, 0;
    %load/ar v0x5572b5b734b0, 4;
    %sub/wr;
    %ix/load 4, 4, 0;
    %store/reala v0x5572b5b727d0, 4;
    %pushi/real 0, 0; load 0.0
    %ix/load 4, 2, 0;
    %flag_set/imm 4, 0;
    %load/ar v0x5572b5b734b0, 4;
    %sub/wr;
    %ix/load 4, 3, 0;
    %flag_set/imm 4, 0;
    %load/ar v0x5572b5b734b0, 4;
    %pushi/vec4 6, 0, 32;
    %cvt/rv/s;
    %mul/wr;
    %add/wr;
    %ix/load 4, 4, 0;
    %flag_set/imm 4, 0;
    %load/ar v0x5572b5b734b0, 4;
    %pushi/vec4 13, 0, 32;
    %cvt/rv/s;
    %mul/wr;
    %sub/wr;
    %ix/load 4, 5, 0;
    %flag_set/imm 4, 0;
    %load/ar v0x5572b5b734b0, 4;
    %pushi/vec4 20, 0, 32;
    %cvt/rv/s;
    %mul/wr;
    %add/wr;
    %ix/load 4, 6, 0;
    %flag_set/imm 4, 0;
    %load/ar v0x5572b5b734b0, 4;
    %pushi/vec4 13, 0, 32;
    %cvt/rv/s;
    %mul/wr;
    %sub/wr;
    %ix/load 4, 7, 0;
    %flag_set/imm 4, 0;
    %load/ar v0x5572b5b734b0, 4;
    %pushi/vec4 6, 0, 32;
    %cvt/rv/s;
    %mul/wr;
    %add/wr;
    %ix/load 4, 8, 0;
    %flag_set/imm 4, 0;
    %load/ar v0x5572b5b734b0, 4;
    %sub/wr;
    %ix/load 4, 5, 0;
    %store/reala v0x5572b5b727d0, 4;
    %pushi/real 0, 0; load 0.0
    %ix/load 4, 3, 0;
    %flag_set/imm 4, 0;
    %load/ar v0x5572b5b734b0, 4;
    %sub/wr;
    %ix/load 4, 4, 0;
    %flag_set/imm 4, 0;
    %load/ar v0x5572b5b734b0, 4;
    %pushi/vec4 6, 0, 32;
    %cvt/rv/s;
    %mul/wr;
    %add/wr;
    %ix/load 4, 5, 0;
    %flag_set/imm 4, 0;
    %load/ar v0x5572b5b734b0, 4;
    %pushi/vec4 13, 0, 32;
    %cvt/rv/s;
    %mul/wr;
    %sub/wr;
    %ix/load 4, 6, 0;
    %flag_set/imm 4, 0;
    %load/ar v0x5572b5b734b0, 4;
    %pushi/vec4 20, 0, 32;
    %cvt/rv/s;
    %mul/wr;
    %add/wr;
    %ix/load 4, 7, 0;
    %flag_set/imm 4, 0;
    %load/ar v0x5572b5b734b0, 4;
    %pushi/vec4 13, 0, 32;
    %cvt/rv/s;
    %mul/wr;
    %sub/wr;
    %ix/load 4, 8, 0;
    %flag_set/imm 4, 0;
    %load/ar v0x5572b5b734b0, 4;
    %pushi/vec4 6, 0, 32;
    %cvt/rv/s;
    %mul/wr;
    %add/wr;
    %ix/load 4, 9, 0;
    %flag_set/imm 4, 0;
    %load/ar v0x5572b5b734b0, 4;
    %sub/wr;
    %ix/load 4, 6, 0;
    %store/reala v0x5572b5b727d0, 4;
    %pushi/real 0, 0; load 0.0
    %ix/load 4, 4, 0;
    %flag_set/imm 4, 0;
    %load/ar v0x5572b5b734b0, 4;
    %sub/wr;
    %ix/load 4, 5, 0;
    %flag_set/imm 4, 0;
    %load/ar v0x5572b5b734b0, 4;
    %pushi/vec4 6, 0, 32;
    %cvt/rv/s;
    %mul/wr;
    %add/wr;
    %ix/load 4, 6, 0;
    %flag_set/imm 4, 0;
    %load/ar v0x5572b5b734b0, 4;
    %pushi/vec4 13, 0, 32;
    %cvt/rv/s;
    %mul/wr;
    %sub/wr;
    %ix/load 4, 7, 0;
    %flag_set/imm 4, 0;
    %load/ar v0x5572b5b734b0, 4;
    %pushi/vec4 20, 0, 32;
    %cvt/rv/s;
    %mul/wr;
    %add/wr;
    %ix/load 4, 8, 0;
    %flag_set/imm 4, 0;
    %load/ar v0x5572b5b734b0, 4;
    %pushi/vec4 13, 0, 32;
    %cvt/rv/s;
    %mul/wr;
    %sub/wr;
    %ix/load 4, 9, 0;
    %flag_set/imm 4, 0;
    %load/ar v0x5572b5b734b0, 4;
    %pushi/vec4 6, 0, 32;
    %cvt/rv/s;
    %mul/wr;
    %add/wr;
    %ix/load 4, 10, 0;
    %flag_set/imm 4, 0;
    %load/ar v0x5572b5b734b0, 4;
    %sub/wr;
    %ix/load 4, 7, 0;
    %store/reala v0x5572b5b727d0, 4;
    %pushi/real 0, 0; load 0.0
    %ix/load 4, 5, 0;
    %flag_set/imm 4, 0;
    %load/ar v0x5572b5b734b0, 4;
    %sub/wr;
    %ix/load 4, 6, 0;
    %flag_set/imm 4, 0;
    %load/ar v0x5572b5b734b0, 4;
    %pushi/vec4 6, 0, 32;
    %cvt/rv/s;
    %mul/wr;
    %add/wr;
    %ix/load 4, 7, 0;
    %flag_set/imm 4, 0;
    %load/ar v0x5572b5b734b0, 4;
    %pushi/vec4 13, 0, 32;
    %cvt/rv/s;
    %mul/wr;
    %sub/wr;
    %ix/load 4, 8, 0;
    %flag_set/imm 4, 0;
    %load/ar v0x5572b5b734b0, 4;
    %pushi/vec4 20, 0, 32;
    %cvt/rv/s;
    %mul/wr;
    %add/wr;
    %ix/load 4, 9, 0;
    %flag_set/imm 4, 0;
    %load/ar v0x5572b5b734b0, 4;
    %pushi/vec4 13, 0, 32;
    %cvt/rv/s;
    %mul/wr;
    %sub/wr;
    %ix/load 4, 10, 0;
    %flag_set/imm 4, 0;
    %load/ar v0x5572b5b734b0, 4;
    %pushi/vec4 6, 0, 32;
    %cvt/rv/s;
    %mul/wr;
    %add/wr;
    %ix/load 4, 11, 0;
    %flag_set/imm 4, 0;
    %load/ar v0x5572b5b734b0, 4;
    %sub/wr;
    %ix/load 4, 8, 0;
    %store/reala v0x5572b5b727d0, 4;
    %pushi/real 0, 0; load 0.0
    %ix/load 4, 6, 0;
    %flag_set/imm 4, 0;
    %load/ar v0x5572b5b734b0, 4;
    %sub/wr;
    %ix/load 4, 7, 0;
    %flag_set/imm 4, 0;
    %load/ar v0x5572b5b734b0, 4;
    %pushi/vec4 6, 0, 32;
    %cvt/rv/s;
    %mul/wr;
    %add/wr;
    %ix/load 4, 8, 0;
    %flag_set/imm 4, 0;
    %load/ar v0x5572b5b734b0, 4;
    %pushi/vec4 13, 0, 32;
    %cvt/rv/s;
    %mul/wr;
    %sub/wr;
    %ix/load 4, 9, 0;
    %flag_set/imm 4, 0;
    %load/ar v0x5572b5b734b0, 4;
    %pushi/vec4 20, 0, 32;
    %cvt/rv/s;
    %mul/wr;
    %add/wr;
    %ix/load 4, 10, 0;
    %flag_set/imm 4, 0;
    %load/ar v0x5572b5b734b0, 4;
    %pushi/vec4 13, 0, 32;
    %cvt/rv/s;
    %mul/wr;
    %sub/wr;
    %ix/load 4, 11, 0;
    %flag_set/imm 4, 0;
    %load/ar v0x5572b5b734b0, 4;
    %pushi/vec4 6, 0, 32;
    %cvt/rv/s;
    %mul/wr;
    %add/wr;
    %ix/load 4, 12, 0;
    %flag_set/imm 4, 0;
    %load/ar v0x5572b5b734b0, 4;
    %sub/wr;
    %ix/load 4, 9, 0;
    %store/reala v0x5572b5b727d0, 4;
    %pushi/real 0, 0; load 0.0
    %ix/load 4, 7, 0;
    %flag_set/imm 4, 0;
    %load/ar v0x5572b5b734b0, 4;
    %sub/wr;
    %ix/load 4, 8, 0;
    %flag_set/imm 4, 0;
    %load/ar v0x5572b5b734b0, 4;
    %pushi/vec4 6, 0, 32;
    %cvt/rv/s;
    %mul/wr;
    %add/wr;
    %ix/load 4, 9, 0;
    %flag_set/imm 4, 0;
    %load/ar v0x5572b5b734b0, 4;
    %pushi/vec4 13, 0, 32;
    %cvt/rv/s;
    %mul/wr;
    %sub/wr;
    %ix/load 4, 10, 0;
    %flag_set/imm 4, 0;
    %load/ar v0x5572b5b734b0, 4;
    %pushi/vec4 20, 0, 32;
    %cvt/rv/s;
    %mul/wr;
    %add/wr;
    %ix/load 4, 11, 0;
    %flag_set/imm 4, 0;
    %load/ar v0x5572b5b734b0, 4;
    %pushi/vec4 13, 0, 32;
    %cvt/rv/s;
    %mul/wr;
    %sub/wr;
    %ix/load 4, 12, 0;
    %flag_set/imm 4, 0;
    %load/ar v0x5572b5b734b0, 4;
    %pushi/vec4 6, 0, 32;
    %cvt/rv/s;
    %mul/wr;
    %add/wr;
    %ix/load 4, 13, 0;
    %flag_set/imm 4, 0;
    %load/ar v0x5572b5b734b0, 4;
    %sub/wr;
    %ix/load 4, 10, 0;
    %store/reala v0x5572b5b727d0, 4;
    %pushi/real 0, 0; load 0.0
    %ix/load 4, 8, 0;
    %flag_set/imm 4, 0;
    %load/ar v0x5572b5b734b0, 4;
    %sub/wr;
    %ix/load 4, 9, 0;
    %flag_set/imm 4, 0;
    %load/ar v0x5572b5b734b0, 4;
    %pushi/vec4 6, 0, 32;
    %cvt/rv/s;
    %mul/wr;
    %add/wr;
    %ix/load 4, 10, 0;
    %flag_set/imm 4, 0;
    %load/ar v0x5572b5b734b0, 4;
    %pushi/vec4 13, 0, 32;
    %cvt/rv/s;
    %mul/wr;
    %sub/wr;
    %ix/load 4, 11, 0;
    %flag_set/imm 4, 0;
    %load/ar v0x5572b5b734b0, 4;
    %pushi/vec4 20, 0, 32;
    %cvt/rv/s;
    %mul/wr;
    %add/wr;
    %ix/load 4, 12, 0;
    %flag_set/imm 4, 0;
    %load/ar v0x5572b5b734b0, 4;
    %pushi/vec4 13, 0, 32;
    %cvt/rv/s;
    %mul/wr;
    %sub/wr;
    %ix/load 4, 13, 0;
    %flag_set/imm 4, 0;
    %load/ar v0x5572b5b734b0, 4;
    %pushi/vec4 6, 0, 32;
    %cvt/rv/s;
    %mul/wr;
    %add/wr;
    %ix/load 4, 14, 0;
    %flag_set/imm 4, 0;
    %load/ar v0x5572b5b734b0, 4;
    %sub/wr;
    %ix/load 4, 11, 0;
    %store/reala v0x5572b5b727d0, 4;
    %pushi/real 0, 0; load 0.0
    %ix/load 4, 9, 0;
    %flag_set/imm 4, 0;
    %load/ar v0x5572b5b734b0, 4;
    %sub/wr;
    %ix/load 4, 10, 0;
    %flag_set/imm 4, 0;
    %load/ar v0x5572b5b734b0, 4;
    %pushi/vec4 6, 0, 32;
    %cvt/rv/s;
    %mul/wr;
    %add/wr;
    %ix/load 4, 11, 0;
    %flag_set/imm 4, 0;
    %load/ar v0x5572b5b734b0, 4;
    %pushi/vec4 13, 0, 32;
    %cvt/rv/s;
    %mul/wr;
    %sub/wr;
    %ix/load 4, 12, 0;
    %flag_set/imm 4, 0;
    %load/ar v0x5572b5b734b0, 4;
    %pushi/vec4 20, 0, 32;
    %cvt/rv/s;
    %mul/wr;
    %add/wr;
    %ix/load 4, 13, 0;
    %flag_set/imm 4, 0;
    %load/ar v0x5572b5b734b0, 4;
    %pushi/vec4 13, 0, 32;
    %cvt/rv/s;
    %mul/wr;
    %sub/wr;
    %ix/load 4, 14, 0;
    %flag_set/imm 4, 0;
    %load/ar v0x5572b5b734b0, 4;
    %pushi/vec4 6, 0, 32;
    %cvt/rv/s;
    %mul/wr;
    %add/wr;
    %ix/load 4, 15, 0;
    %flag_set/imm 4, 0;
    %load/ar v0x5572b5b734b0, 4;
    %sub/wr;
    %ix/load 4, 12, 0;
    %store/reala v0x5572b5b727d0, 4;
    %pushi/real 0, 0; load 0.0
    %ix/load 4, 10, 0;
    %flag_set/imm 4, 0;
    %load/ar v0x5572b5b734b0, 4;
    %sub/wr;
    %ix/load 4, 11, 0;
    %flag_set/imm 4, 0;
    %load/ar v0x5572b5b734b0, 4;
    %pushi/vec4 6, 0, 32;
    %cvt/rv/s;
    %mul/wr;
    %add/wr;
    %ix/load 4, 12, 0;
    %flag_set/imm 4, 0;
    %load/ar v0x5572b5b734b0, 4;
    %pushi/vec4 13, 0, 32;
    %cvt/rv/s;
    %mul/wr;
    %sub/wr;
    %ix/load 4, 13, 0;
    %flag_set/imm 4, 0;
    %load/ar v0x5572b5b734b0, 4;
    %pushi/vec4 20, 0, 32;
    %cvt/rv/s;
    %mul/wr;
    %add/wr;
    %ix/load 4, 14, 0;
    %flag_set/imm 4, 0;
    %load/ar v0x5572b5b734b0, 4;
    %pushi/vec4 13, 0, 32;
    %cvt/rv/s;
    %mul/wr;
    %sub/wr;
    %ix/load 4, 15, 0;
    %flag_set/imm 4, 0;
    %load/ar v0x5572b5b734b0, 4;
    %pushi/vec4 6, 0, 32;
    %cvt/rv/s;
    %mul/wr;
    %add/wr;
    %ix/load 4, 13, 0;
    %store/reala v0x5572b5b727d0, 4;
    %pushi/real 0, 0; load 0.0
    %ix/load 4, 11, 0;
    %flag_set/imm 4, 0;
    %load/ar v0x5572b5b734b0, 4;
    %sub/wr;
    %ix/load 4, 12, 0;
    %flag_set/imm 4, 0;
    %load/ar v0x5572b5b734b0, 4;
    %pushi/vec4 6, 0, 32;
    %cvt/rv/s;
    %mul/wr;
    %add/wr;
    %ix/load 4, 13, 0;
    %flag_set/imm 4, 0;
    %load/ar v0x5572b5b734b0, 4;
    %pushi/vec4 13, 0, 32;
    %cvt/rv/s;
    %mul/wr;
    %sub/wr;
    %ix/load 4, 14, 0;
    %flag_set/imm 4, 0;
    %load/ar v0x5572b5b734b0, 4;
    %pushi/vec4 20, 0, 32;
    %cvt/rv/s;
    %mul/wr;
    %add/wr;
    %ix/load 4, 15, 0;
    %flag_set/imm 4, 0;
    %load/ar v0x5572b5b734b0, 4;
    %pushi/vec4 13, 0, 32;
    %cvt/rv/s;
    %mul/wr;
    %sub/wr;
    %ix/load 4, 14, 0;
    %store/reala v0x5572b5b727d0, 4;
    %pushi/real 0, 0; load 0.0
    %ix/load 4, 12, 0;
    %flag_set/imm 4, 0;
    %load/ar v0x5572b5b734b0, 4;
    %sub/wr;
    %ix/load 4, 13, 0;
    %flag_set/imm 4, 0;
    %load/ar v0x5572b5b734b0, 4;
    %pushi/vec4 6, 0, 32;
    %cvt/rv/s;
    %mul/wr;
    %add/wr;
    %ix/load 4, 14, 0;
    %flag_set/imm 4, 0;
    %load/ar v0x5572b5b734b0, 4;
    %pushi/vec4 13, 0, 32;
    %cvt/rv/s;
    %mul/wr;
    %sub/wr;
    %ix/load 4, 15, 0;
    %flag_set/imm 4, 0;
    %load/ar v0x5572b5b734b0, 4;
    %pushi/vec4 20, 0, 32;
    %cvt/rv/s;
    %mul/wr;
    %add/wr;
    %ix/load 4, 15, 0;
    %store/reala v0x5572b5b727d0, 4;
    %pushi/real 0, 4065; load=0.00000
    %store/real v0x5572b5b72890_0;
    %pushi/vec4 0, 0, 32;
    %store/vec4 v0x5572b5b72e30_0, 0, 32;
T_15.4 ;
    %load/vec4 v0x5572b5b72e30_0;
    %cmpi/s 15, 0, 32;
    %flag_or 5, 4;
    %jmp/0xz T_15.5, 5;
    %ix/getv/s 4, v0x5572b5b72e30_0;
    %load/vec4a v0x5572b5b72950, 4;
    %parti/s 1, 15, 5;
    %pad/u 32;
    %cmpi/e 1, 0, 32;
    %jmp/0xz  T_15.6, 4;
    %ix/getv/s 4, v0x5572b5b72e30_0;
    %load/vec4a v0x5572b5b72950, 4;
    %inv;
    %addi 1, 0, 16;
    %store/vec4 v0x5572b5b72ab0_0, 0, 16;
    %load/vec4 v0x5572b5b72ab0_0;
    %cvt/rv;
    %store/real v0x5572b5b73330_0;
    %load/real v0x5572b5b73330_0;
    %ix/getv/s 4, v0x5572b5b72e30_0;
    %load/ar v0x5572b5b727d0, 4;
    %add/wr;
    %store/real v0x5572b5b72c10_0;
    %jmp T_15.7;
T_15.6 ;
    %ix/getv/s 4, v0x5572b5b72e30_0;
    %load/ar v0x5572b5b727d0, 4;
    %ix/getv/s 4, v0x5572b5b72e30_0;
    %load/vec4a v0x5572b5b72950, 4;
    %cvt/rv;
    %sub/wr;
    %store/real v0x5572b5b72c10_0;
T_15.7 ;
    %load/real v0x5572b5b72890_0;
    %load/real v0x5572b5b72c10_0;
    %load/real v0x5572b5b72c10_0;
    %mul/wr;
    %add/wr;
    %store/real v0x5572b5b72890_0;
    %load/vec4 v0x5572b5b72e30_0;
    %addi 1, 0, 32;
    %store/vec4 v0x5572b5b72e30_0, 0, 32;
    %jmp T_15.4;
T_15.5 ;
    %vpi_call 2 130 "$display", "-----------------------------------------------------\012" {0 0 0};
    %vpi_call 2 131 "$display", "        Your Output           Golden X\012" {0 0 0};
    %vpi_call 2 132 "$display", "  X1:     %.10f           3357.0527331891  \012", &A<v0x5572b5b734b0, 0> {0 0 0};
    %vpi_call 2 133 "$display", "  X2:     %.10f           3331.6573214124  \012", &A<v0x5572b5b734b0, 1> {0 0 0};
    %vpi_call 2 134 "$display", "  X3:     %.10f           -358.9862207599  \012", &A<v0x5572b5b734b0, 2> {0 0 0};
    %vpi_call 2 135 "$display", "  X4:     %.10f           -732.4078391379  \012", &A<v0x5572b5b734b0, 3> {0 0 0};
    %vpi_call 2 136 "$display", "  X5:     %.10f           1445.8347318405  \012", &A<v0x5572b5b734b0, 4> {0 0 0};
    %vpi_call 2 137 "$display", "  X6:     %.10f           3809.3571054117  \012", &A<v0x5572b5b734b0, 5> {0 0 0};
    %vpi_call 2 138 "$display", "  X7:     %.10f           3275.8464009486  \012", &A<v0x5572b5b734b0, 6> {0 0 0};
    %vpi_call 2 139 "$display", "  X8:     %.10f          -2304.1420650291  \012", &A<v0x5572b5b734b0, 7> {0 0 0};
    %vpi_call 2 140 "$display", "  X9:     %.10f          -5725.0258222666  \012", &A<v0x5572b5b734b0, 8> {0 0 0};
    %vpi_call 2 141 "$display", " X10:     %.10f          -3237.6062094197  \012", &A<v0x5572b5b734b0, 9> {0 0 0};
    %vpi_call 2 142 "$display", " X11:     %.10f           3156.1618206622  \012", &A<v0x5572b5b734b0, 10> {0 0 0};
    %vpi_call 2 143 "$display", " X12:     %.10f           4247.9033467564  \012", &A<v0x5572b5b734b0, 11> {0 0 0};
    %vpi_call 2 144 "$display", " X13:     %.10f           1984.8291218781  \012", &A<v0x5572b5b734b0, 12> {0 0 0};
    %vpi_call 2 145 "$display", " X14:     %.10f           1028.3354905648  \012", &A<v0x5572b5b734b0, 13> {0 0 0};
    %vpi_call 2 146 "$display", " X15:     %.10f           1055.5861912423  \012", &A<v0x5572b5b734b0, 14> {0 0 0};
    %vpi_call 2 147 "$display", " X16:     %.10f            959.5718332319  \012", &A<v0x5572b5b734b0, 15> {0 0 0};
    %vpi_call 2 148 "$display", "-----------------------------------------------------\012" {0 0 0};
    %vpi_call 2 149 "$display", "So Your Error Ratio=  %.15f\012", v0x5572b5b72890_0 {0 0 0};
    %vpi_call 2 150 "$display", "-----------------------------------------------------\012" {0 0 0};
    %load/real v0x5572b5b72890_0;
    %store/real v0x5572b5b72c10_0;
    %load/real v0x5572b5b72c10_0;
    %pushi/real 1125899906, 4046; load=1.00000e-06
    %pushi/real 3534221, 4024; load=1.00000e-06
    %add/wr;
    %cmp/wr;
    %flag_get/vec4 5;
    %load/real v0x5572b5b72c10_0;
    %pushi/vec4 4294967295, 4294967295, 32;
    %cvt/rv;
    %cmp/wr;
    %flag_inv 4;
    %flag_get/vec4 4;
    %and;
    %load/real v0x5572b5b72c10_0;
    %pushi/vec4 0, 4294967295, 32;
    %cvt/rv;
    %cmp/wr;
    %flag_inv 4;
    %flag_get/vec4 4;
    %and;
    %flag_set/vec4 8;
    %jmp/0xz  T_15.8, 8;
    %vpi_call 2 154 "$display", "Your Score Level: A \012" {0 0 0};
    %vpi_call 2 155 "$display", "Congratulations! GSIM's Function Successfully!\012" {0 0 0};
    %vpi_call 2 156 "$display", "-------------------------PASS------------------------\012" {0 0 0};
    %jmp T_15.9;
T_15.8 ;
    %pushi/real 1125899906, 4046; load=1.00000e-06
    %pushi/real 3534221, 4024; load=1.00000e-06
    %add/wr;
    %load/real v0x5572b5b72c10_0;
    %cmp/wr;
    %flag_get/vec4 4;
    %flag_get/vec4 5;
    %or;
    %load/real v0x5572b5b72c10_0;
    %pushi/real 1407374883, 4048; load=5.00000e-06
    %pushi/real 2320625, 4026; load=5.00000e-06
    %add/wr;
    %cmp/wr;
    %flag_get/vec4 5;
    %and;
    %load/real v0x5572b5b72c10_0;
    %pushi/vec4 4294967295, 4294967295, 32;
    %cvt/rv;
    %cmp/wr;
    %flag_inv 4;
    %flag_get/vec4 4;
    %and;
    %load/real v0x5572b5b72c10_0;
    %pushi/vec4 0, 4294967295, 32;
    %cvt/rv;
    %cmp/wr;
    %flag_inv 4;
    %flag_get/vec4 4;
    %and;
    %flag_set/vec4 8;
    %jmp/0xz  T_15.10, 8;
    %vpi_call 2 160 "$display", "Your Score Level: B \012" {0 0 0};
    %vpi_call 2 161 "$display", "Congratulations! GSIM's Function Successfully!\012" {0 0 0};
    %vpi_call 2 162 "$display", "-------------------------PASS------------------------\012" {0 0 0};
    %jmp T_15.11;
T_15.10 ;
    %pushi/real 1407374883, 4048; load=5.00000e-06
    %pushi/real 2320625, 4026; load=5.00000e-06
    %add/wr;
    %load/real v0x5572b5b72c10_0;
    %cmp/wr;
    %flag_get/vec4 4;
    %flag_get/vec4 5;
    %or;
    %load/real v0x5572b5b72c10_0;
    %pushi/real 1407374883, 4049; load=1.00000e-05
    %pushi/real 2320625, 4027; load=1.00000e-05
    %add/wr;
    %cmp/wr;
    %flag_get/vec4 5;
    %and;
    %load/real v0x5572b5b72c10_0;
    %pushi/vec4 4294967295, 4294967295, 32;
    %cvt/rv;
    %cmp/wr;
    %flag_inv 4;
    %flag_get/vec4 4;
    %and;
    %load/real v0x5572b5b72c10_0;
    %pushi/vec4 0, 4294967295, 32;
    %cvt/rv;
    %cmp/wr;
    %flag_inv 4;
    %flag_get/vec4 4;
    %and;
    %flag_set/vec4 8;
    %jmp/0xz  T_15.12, 8;
    %vpi_call 2 165 "$display", "Your Score Level: C \012" {0 0 0};
    %vpi_call 2 166 "$display", "Congratulations! GSIM's Function Successfully!\012" {0 0 0};
    %vpi_call 2 167 "$display", "-------------------------PASS------------------------\012" {0 0 0};
    %jmp T_15.13;
T_15.12 ;
    %pushi/real 1407374883, 4049; load=1.00000e-05
    %pushi/real 2320625, 4027; load=1.00000e-05
    %add/wr;
    %load/real v0x5572b5b72c10_0;
    %cmp/wr;
    %flag_get/vec4 4;
    %flag_get/vec4 5;
    %or;
    %load/real v0x5572b5b72c10_0;
    %pushi/real 1759218604, 4051; load=5.00000e-05
    %pushi/real 1852205, 4029; load=5.00000e-05
    %add/wr;
    %cmp/wr;
    %flag_get/vec4 5;
    %and;
    %load/real v0x5572b5b72c10_0;
    %pushi/vec4 4294967295, 4294967295, 32;
    %cvt/rv;
    %cmp/wr;
    %flag_inv 4;
    %flag_get/vec4 4;
    %and;
    %load/real v0x5572b5b72c10_0;
    %pushi/vec4 0, 4294967295, 32;
    %cvt/rv;
    %cmp/wr;
    %flag_inv 4;
    %flag_get/vec4 4;
    %and;
    %flag_set/vec4 8;
    %jmp/0xz  T_15.14, 8;
    %vpi_call 2 170 "$display", "Your Score Level: D \012" {0 0 0};
    %vpi_call 2 171 "$display", "Congratulations! GSIM's Function Successfully!\012" {0 0 0};
    %vpi_call 2 172 "$display", "-------------------------PASS------------------------\012" {0 0 0};
    %jmp T_15.15;
T_15.14 ;
    %pushi/real 1759218604, 4051; load=5.00000e-05
    %pushi/real 1852205, 4029; load=5.00000e-05
    %add/wr;
    %load/real v0x5572b5b72c10_0;
    %cmp/wr;
    %flag_get/vec4 4;
    %flag_get/vec4 5;
    %or;
    %load/real v0x5572b5b72c10_0;
    %pushi/real 1759218604, 4052; load=0.000100000
    %pushi/real 1852205, 4030; load=0.000100000
    %add/wr;
    %cmp/wr;
    %flag_get/vec4 5;
    %and;
    %load/real v0x5572b5b72c10_0;
    %pushi/vec4 4294967295, 4294967295, 32;
    %cvt/rv;
    %cmp/wr;
    %flag_inv 4;
    %flag_get/vec4 4;
    %and;
    %load/real v0x5572b5b72c10_0;
    %pushi/vec4 0, 4294967295, 32;
    %cvt/rv;
    %cmp/wr;
    %flag_inv 4;
    %flag_get/vec4 4;
    %and;
    %flag_set/vec4 8;
    %jmp/0xz  T_15.16, 8;
    %vpi_call 2 176 "$display", "Your Score Level: E \012" {0 0 0};
    %vpi_call 2 177 "$display", "Congratulations! GSIM's Function Successfully!\012" {0 0 0};
    %vpi_call 2 178 "$display", "-------------------------PASS------------------------\012" {0 0 0};
    %jmp T_15.17;
T_15.16 ;
    %pushi/real 1759218604, 4052; load=0.000100000
    %pushi/real 1852205, 4030; load=0.000100000
    %add/wr;
    %load/real v0x5572b5b72c10_0;
    %cmp/wr;
    %flag_get/vec4 4;
    %flag_get/vec4 5;
    %or;
    %load/real v0x5572b5b72c10_0;
    %pushi/real 1099511627, 4056; load=0.00100000
    %pushi/real 3254780, 4034; load=0.00100000
    %add/wr;
    %cmp/wr;
    %flag_get/vec4 5;
    %and;
    %load/real v0x5572b5b72c10_0;
    %pushi/vec4 4294967295, 4294967295, 32;
    %cvt/rv;
    %cmp/wr;
    %flag_inv 4;
    %flag_get/vec4 4;
    %and;
    %load/real v0x5572b5b72c10_0;
    %pushi/vec4 0, 4294967295, 32;
    %cvt/rv;
    %cmp/wr;
    %flag_inv 4;
    %flag_get/vec4 4;
    %and;
    %flag_set/vec4 8;
    %jmp/0xz  T_15.18, 8;
    %vpi_call 2 181 "$display", "Your Score Level: F \012" {0 0 0};
    %vpi_call 2 182 "$display", "Congratulations! GSIM's Function Successfully!\012" {0 0 0};
    %vpi_call 2 183 "$display", "-------------------------PASS------------------------\012" {0 0 0};
    %jmp T_15.19;
T_15.18 ;
    %pushi/real 1099511627, 4056; load=0.00100000
    %pushi/real 3254780, 4034; load=0.00100000
    %add/wr;
    %load/real v0x5572b5b72c10_0;
    %cmp/wr;
    %flag_get/vec4 4;
    %flag_get/vec4 5;
    %or;
    %load/real v0x5572b5b72c10_0;
    %pushi/real 1374389534, 4058; load=0.00500000
    %pushi/real 3019899, 4036; load=0.00500000
    %add/wr;
    %cmp/wr;
    %flag_get/vec4 5;
    %and;
    %load/real v0x5572b5b72c10_0;
    %pushi/vec4 4294967295, 4294967295, 32;
    %cvt/rv;
    %cmp/wr;
    %flag_inv 4;
    %flag_get/vec4 4;
    %and;
    %load/real v0x5572b5b72c10_0;
    %pushi/vec4 0, 4294967295, 32;
    %cvt/rv;
    %cmp/wr;
    %flag_inv 4;
    %flag_get/vec4 4;
    %and;
    %flag_set/vec4 8;
    %jmp/0xz  T_15.20, 8;
    %vpi_call 2 186 "$display", "Your Score Level: G \012" {0 0 0};
    %vpi_call 2 187 "$display", "Congratulations! GSIM's Function Successfully!\012" {0 0 0};
    %vpi_call 2 188 "$display", "-------------------------PASS------------------------\012" {0 0 0};
    %jmp T_15.21;
T_15.20 ;
    %pushi/real 1374389534, 4058; load=0.00500000
    %pushi/real 3019899, 4036; load=0.00500000
    %add/wr;
    %load/real v0x5572b5b72c10_0;
    %cmp/wr;
    %flag_get/vec4 4;
    %flag_get/vec4 5;
    %or;
    %load/real v0x5572b5b72c10_0;
    %pushi/real 1374389534, 4059; load=0.0100000
    %pushi/real 3019899, 4037; load=0.0100000
    %add/wr;
    %cmp/wr;
    %flag_get/vec4 5;
    %and;
    %load/real v0x5572b5b72c10_0;
    %pushi/vec4 4294967295, 4294967295, 32;
    %cvt/rv;
    %cmp/wr;
    %flag_inv 4;
    %flag_get/vec4 4;
    %and;
    %load/real v0x5572b5b72c10_0;
    %pushi/vec4 0, 4294967295, 32;
    %cvt/rv;
    %cmp/wr;
    %flag_inv 4;
    %flag_get/vec4 4;
    %and;
    %flag_set/vec4 8;
    %jmp/0xz  T_15.22, 8;
    %vpi_call 2 191 "$display", "Your Score Level: H \012" {0 0 0};
    %vpi_call 2 192 "$display", "Congratulations! GSIM's Function Successfully!\012" {0 0 0};
    %vpi_call 2 193 "$display", "-------------------------PASS------------------------\012" {0 0 0};
    %jmp T_15.23;
T_15.22 ;
    %pushi/real 1374389534, 4059; load=0.0100000
    %pushi/real 3019899, 4037; load=0.0100000
    %add/wr;
    %load/real v0x5572b5b72c10_0;
    %cmp/wr;
    %flag_get/vec4 4;
    %flag_get/vec4 5;
    %or;
    %load/real v0x5572b5b72c10_0;
    %pushi/real 1717986918, 4062; load=0.100000
    %pushi/real 1677722, 4040; load=0.100000
    %add/wr;
    %cmp/wr;
    %flag_get/vec4 5;
    %and;
    %load/real v0x5572b5b72c10_0;
    %pushi/vec4 4294967295, 4294967295, 32;
    %cvt/rv;
    %cmp/wr;
    %flag_inv 4;
    %flag_get/vec4 4;
    %and;
    %load/real v0x5572b5b72c10_0;
    %pushi/vec4 0, 4294967295, 32;
    %cvt/rv;
    %cmp/wr;
    %flag_inv 4;
    %flag_get/vec4 4;
    %and;
    %flag_set/vec4 8;
    %jmp/0xz  T_15.24, 8;
    %vpi_call 2 196 "$display", "Your Score Level: I \012" {0 0 0};
    %vpi_call 2 197 "$display", "Congratulations! GSIM's Function Successfully!\012" {0 0 0};
    %vpi_call 2 198 "$display", "-------------------------PASS------------------------\012" {0 0 0};
    %jmp T_15.25;
T_15.24 ;
    %pushi/real 1717986918, 4062; load=0.100000
    %pushi/real 1677722, 4040; load=0.100000
    %add/wr;
    %load/real v0x5572b5b72c10_0;
    %cmp/wr;
    %flag_get/vec4 4;
    %flag_get/vec4 5;
    %or;
    %load/real v0x5572b5b72c10_0;
    %pushi/real 1288490188, 4064; load=0.300000
    %pushi/real 3355443, 4042; load=0.300000
    %add/wr;
    %cmp/wr;
    %flag_get/vec4 5;
    %and;
    %load/real v0x5572b5b72c10_0;
    %pushi/vec4 4294967295, 4294967295, 32;
    %cvt/rv;
    %cmp/wr;
    %flag_inv 4;
    %flag_get/vec4 4;
    %and;
    %load/real v0x5572b5b72c10_0;
    %pushi/vec4 0, 4294967295, 32;
    %cvt/rv;
    %cmp/wr;
    %flag_inv 4;
    %flag_get/vec4 4;
    %and;
    %flag_set/vec4 8;
    %jmp/0xz  T_15.26, 8;
    %vpi_call 2 201 "$display", "Your Score Level: J \012" {0 0 0};
    %vpi_call 2 202 "$display", "Congratulations! GSIM's Function Successfully!\012" {0 0 0};
    %vpi_call 2 203 "$display", "-------------------------PASS------------------------\012" {0 0 0};
    %jmp T_15.27;
T_15.26 ;
    %vpi_call 2 206 "$display", "Your Score Level: K \012" {0 0 0};
    %vpi_call 2 207 "$display", "-------------   GSIM's Function Fail   -------------\012" {0 0 0};
    %vpi_call 2 208 "$display", "-------------------------Fail------------------------\012" {0 0 0};
T_15.27 ;
T_15.25 ;
T_15.23 ;
T_15.21 ;
T_15.19 ;
T_15.17 ;
T_15.15 ;
T_15.13 ;
T_15.11 ;
T_15.9 ;
    %delay 500, 0;
    %vpi_call 2 211 "$finish" {0 0 0};
    %end;
    .thread T_15;
# The file index is used to find the file name in the following table.
:file_names 4;
    "N/A";
    "<interactive>";
    "testfixture5.v";
    "GSIM.v";
